META DATA: 
200 (объем бочки) 
32 (текущий объем воды в бочке) 
2020-01-01T12:51:34.769Z - [username2] - wanna scoop 50l (фейл)
2020-01-01T12:51:32.124Z - [username1] - wanna top up 10l (успех) 
2020-01-01T12:51:37.124Z - [username3] - wanna top up 30l (успех) 
2020-01-01T12:53:34.769Z - [username4] - wanna scoop 50l (успех)
2020-01-01T12:57:32.124Z - [username5] - wanna top up 10l (успех) 
2020-01-01T12:59:34.769Z - [username6] - wanna top up 300l (фейл)
2020-01-01T13:51:32.124Z - [username1] - wanna top up 60l (успех) 
2020-01-01T13:51:34.769Z - [username2] - wanna scoop 50l (успех)
2020-01-01T13:51:37.124Z - [username3] - wanna scoop 10l (успех) 
2020-01-01T13:53:34.769Z - [username4] - wanna scoop 199l (фейл)
2020-01-01T13:57:32.124Z - [username5] - wanna top up 10l (успех) 
2020-01-01T13:59:34.769Z - [username6] - wanna scoop 5l (успех)
2020-01-01T14:51:32.124Z - [username1] - wanna top up 10l (успех) 
2020-01-01T14:51:34.769Z - [username2] - wanna scoop 5l (успех)
2020-01-01T14:51:37.124Z - [username3] - wanna scoop 90l (фейл) 
2020-01-01T14:53:34.769Z - [username4] - wanna scoop 70l (фейл)
2020-01-01T14:57:32.124Z - [username5] - wanna top up 10l (успех) 
2020-01-01T14:59:34.769Z - [username6] - wanna top up 190l (фейл)
2020-01-01T15:51:32.124Z - [username1] - wanna top up 5l (успех) 
2020-01-01T15:51:34.769Z - [username2] - wanna scoop 5l (успех)
2020-01-01T15:51:37.124Z - [username3] - wanna top up 5l (успех) 
2020-01-01T15:53:34.769Z - [username4] - wanna scoop 5l (успех)
2020-01-01T15:57:32.124Z - [username5] - wanna top up 5l (успех) 
2020-01-01T15:59:34.769Z - [username6] - wanna scoop 250l (фейл)
2020-01-01T16:51:32.124Z - [username1] - wanna top up 5l (успех) 
2020-01-01T16:51:34.769Z - [username2] - wanna scoop 5l (успех)
2020-01-01T16:51:37.124Z - [username3] - wanna top up 5l (успех) 
2020-01-01T16:53:34.769Z - [username4] - wanna scoop 5l (успех)
2020-01-01T16:57:32.124Z - [username5] - wanna top up 5l (успех) 
2020-01-01T16:59:34.769Z - [username6] - wanna scoop 250l (фейл)
2020-01-01T17:51:32.124Z - [username1] - wanna top up 5l (успех) 
2020-01-01T17:51:34.769Z - [username2] - wanna scoop 5l (успех)
2020-01-01T17:51:37.124Z - [username3] - wanna top up 5l (успех) 
2020-01-01T17:53:34.769Z - [username4] - wanna scoop 5l (успех)
2020-01-01T17:57:32.124Z - [username5] - wanna top up 5l (успех) 
2020-01-01T17:59:34.769Z - [username6] - wanna scoop 250l (фейл)
2020-01-01T18:51:32.124Z - [username1] - wanna top up 5l (успех) 
2020-01-01T18:51:34.769Z - [username2] - wanna scoop 5l (успех)
2020-01-01T18:51:37.124Z - [username3] - wanna top up 5l (успех) 
2020-01-01T18:53:34.769Z - [username4] - wanna scoop 5l (успех)
2020-01-01T18:57:32.124Z - [username5] - wanna top up 5l (успех) 
2020-01-01T18:59:34.769Z - [username6] - wanna scoop 250l (фейл)
2020-01-01T19:51:32.124Z - [username1] - wanna top up 5l (успех) 
2020-01-01T19:51:34.769Z - [username2] - wanna scoop 5l (успех)
2020-01-01T19:51:37.124Z - [username3] - wanna top up 5l (успех) 
2020-01-01T19:53:34.769Z - [username4] - wanna scoop 5l (успех)
2020-01-01T19:57:32.124Z - [username5] - wanna top up 5l (успех) 
2020-01-01T19:59:34.769Z - [username6] - wanna scoop 250l (фейл)
2020-01-01T20:51:32.124Z - [username1] - wanna top up 5l (успех) 
2020-01-01T20:51:34.769Z - [username2] - wanna scoop 5l (успех)
2020-01-01T20:51:37.124Z - [username3] - wanna top up 5l (успех) 
2020-01-01T20:53:34.769Z - [username4] - wanna scoop 5l (успех)
2020-01-01T20:57:32.124Z - [username5] - wanna top up 5l (успех) 
2020-01-01T20:59:34.769Z - [username6] - wanna scoop 250l (фейл)
2020-01-01T21:51:32.124Z - [username1] - wanna top up 5l (успех) 
2020-01-01T21:51:34.769Z - [username2] - wanna scoop 5l (успех)
2020-01-01T21:51:37.124Z - [username3] - wanna top up 5l (успех) 
2020-01-01T21:53:34.769Z - [username4] - wanna scoop 5l (успех)
2020-01-01T21:57:32.124Z - [username5] - wanna top up 5l (успех) 
2020-01-01T21:59:34.769Z - [username6] - wanna scoop 250l (фейл)
2020-01-01T22:51:32.124Z - [username1] - wanna top up 5l (успех) 
2020-01-01T22:51:34.769Z - [username2] - wanna scoop 5l (успех)
2020-01-01T22:51:37.124Z - [username3] - wanna top up 5l (успех) 
2020-01-01T22:53:34.769Z - [username4] - wanna scoop 5l (успех)
2020-01-01T22:57:32.124Z - [username5] - wanna top up 5l (успех) 
2020-01-01T22:59:34.769Z - [username6] - wanna scoop 250l (фейл)
2020-01-01T23:51:32.124Z - [username1] - wanna top up 5l (успех) 
2020-01-01T23:51:34.769Z - [username2] - wanna scoop 5l (успех)
2020-01-01T23:51:37.124Z - [username3] - wanna top up 5l (успех) 
2020-01-01T23:53:34.769Z - [username4] - wanna scoop 5l (успех)
2020-01-01T23:57:32.124Z - [username5] - wanna top up 5l (успех) 
2020-01-01T23:59:34.769Z - [username6] - wanna scoop 250l (фейл)
2020-01-01T23:59:44.769Z - [username7] - wanna scoop 97l (успех)
2020-01-01T23:59:58.769Z - [username8] - wanna top up 32l (успех)
2020-01-02T12:51:32.124Z - [username1] - wanna top up 10l (успех) 
2020-01-02T12:51:34.769Z - [username2] - wanna scoop 50l (фейл)
2020-01-02T12:51:37.124Z - [username3] - wanna top up 30l (успех) 
2020-01-02T12:53:34.769Z - [username4] - wanna scoop 50l (успех)
2020-01-02T12:57:32.124Z - [username5] - wanna top up 10l (успех) 
2020-01-02T12:59:34.769Z - [username6] - wanna top up 300l (фейл)
2020-01-02T13:51:32.124Z - [username1] - wanna top up 60l (успех) 
2020-01-02T13:51:34.769Z - [username2] - wanna scoop 50l (успех)
2020-01-02T13:51:37.124Z - [username3] - wanna scoop 10l (успех) 
2020-01-02T13:53:34.769Z - [username4] - wanna scoop 199l (фейл)
2020-01-02T13:57:32.124Z - [username5] - wanna top up 10l (успех) 
2020-01-02T13:59:34.769Z - [username6] - wanna scoop 5l (успех)
2020-01-02T14:51:32.124Z - [username1] - wanna top up 10l (успех) 
2020-01-02T14:51:34.769Z - [username2] - wanna scoop 5l (успех)
2020-01-02T14:51:37.124Z - [username3] - wanna scoop 90l (фейл) 
2020-01-02T14:53:34.769Z - [username4] - wanna scoop 70l (фейл)
2020-01-02T14:57:32.124Z - [username5] - wanna top up 10l (успех) 
2020-01-02T14:59:34.769Z - [username6] - wanna top up 190l (фейл)
2020-01-02T15:51:32.124Z - [username1] - wanna top up 5l (успех) 
2020-01-02T15:51:34.769Z - [username2] - wanna scoop 5l (успех)
2020-01-02T15:51:37.124Z - [username3] - wanna top up 5l (успех) 
2020-01-02T15:53:34.769Z - [username4] - wanna scoop 5l (успех)
2020-01-02T15:57:32.124Z - [username5] - wanna top up 5l (успех) 
2020-01-02T15:59:34.769Z - [username6] - wanna scoop 250l (фейл)
2020-01-02T16:51:32.124Z - [username1] - wanna top up 5l (успех) 
2020-01-02T16:51:34.769Z - [username2] - wanna scoop 5l (успех)
2020-01-02T16:51:37.124Z - [username3] - wanna top up 5l (успех) 
2020-01-02T16:53:34.769Z - [username4] - wanna scoop 5l (успех)
2020-01-02T16:57:32.124Z - [username5] - wanna top up 5l (успех) 
2020-01-02T16:59:34.769Z - [username6] - wanna scoop 250l (фейл)
2020-01-02T17:51:32.124Z - [username1] - wanna top up 5l (успех) 
2020-01-02T17:51:34.769Z - [username2] - wanna scoop 5l (успех)
2020-01-02T17:51:37.124Z - [username3] - wanna top up 5l (успех) 
2020-01-02T17:53:34.769Z - [username4] - wanna scoop 5l (успех)
2020-01-02T17:57:32.124Z - [username5] - wanna top up 5l (успех) 
2020-01-02T17:59:34.769Z - [username6] - wanna scoop 250l (фейл)
2020-01-02T18:51:32.124Z - [username1] - wanna top up 5l (успех) 
2020-01-02T18:51:34.769Z - [username2] - wanna scoop 5l (успех)
2020-01-02T18:51:37.124Z - [username3] - wanna top up 5l (успех) 
2020-01-02T18:53:34.769Z - [username4] - wanna scoop 5l (успех)
2020-01-02T18:57:32.124Z - [username5] - wanna top up 5l (успех) 
2020-01-02T18:59:34.769Z - [username6] - wanna scoop 250l (фейл)
2020-01-02T19:51:32.124Z - [username1] - wanna top up 5l (успех) 
2020-01-02T19:51:34.769Z - [username2] - wanna scoop 5l (успех)
2020-01-02T19:51:37.124Z - [username3] - wanna top up 5l (успех) 
2020-01-02T19:53:34.769Z - [username4] - wanna scoop 5l (успех)
2020-01-02T19:57:32.124Z - [username5] - wanna top up 5l (успех) 
2020-01-02T19:59:34.769Z - [username6] - wanna scoop 250l (фейл)
2020-01-02T20:51:32.124Z - [username1] - wanna top up 5l (успех) 
2020-01-02T20:51:34.769Z - [username2] - wanna scoop 5l (успех)
2020-01-02T20:51:37.124Z - [username3] - wanna top up 5l (успех) 
2020-01-02T20:53:34.769Z - [username4] - wanna scoop 5l (успех)
2020-01-02T20:57:32.124Z - [username5] - wanna top up 5l (успех) 
2020-01-02T20:59:34.769Z - [username6] - wanna scoop 250l (фейл)
2020-01-02T21:51:32.124Z - [username1] - wanna top up 5l (успех) 
2020-01-02T21:51:34.769Z - [username2] - wanna scoop 5l (успех)
2020-01-02T21:51:37.124Z - [username3] - wanna top up 5l (успех) 
2020-01-02T21:53:34.769Z - [username4] - wanna scoop 5l (успех)
2020-01-02T21:57:32.124Z - [username5] - wanna top up 5l (успех) 
2020-01-02T21:59:34.769Z - [username6] - wanna scoop 250l (фейл)
2020-01-02T22:51:32.124Z - [username1] - wanna top up 5l (успех) 
2020-01-02T22:51:34.769Z - [username2] - wanna scoop 5l (успех)
2020-01-02T22:51:37.124Z - [username3] - wanna top up 5l (успех) 
2020-01-02T22:53:34.769Z - [username4] - wanna scoop 5l (успех)
2020-01-02T22:57:32.124Z - [username5] - wanna top up 5l (успех) 
2020-01-02T22:59:34.769Z - [username6] - wanna scoop 250l (фейл)
2020-01-02T23:51:32.124Z - [username1] - wanna top up 5l (успех) 
2020-01-02T23:51:34.769Z - [username2] - wanna scoop 5l (успех)
2020-01-02T23:51:37.124Z - [username3] - wanna top up 5l (успех) 
2020-01-02T23:53:34.769Z - [username4] - wanna scoop 5l (успех)
2020-01-02T23:57:32.124Z - [username5] - wanna top up 5l (успех) 
2020-01-02T23:59:34.769Z - [username6] - wanna scoop 250l (фейл)
2020-01-02T23:59:44.769Z - [username7] - wanna scoop 97l (успех)
2020-01-02T23:59:58.769Z - [username8] - wanna top up 32l (успех)
2020-01-03T12:51:32.124Z - [username1] - wanna top up 10l (успех) 
2020-01-03T12:51:34.769Z - [username2] - wanna scoop 50l (фейл)
2020-01-03T12:51:37.124Z - [username3] - wanna top up 30l (успех) 
2020-01-03T12:53:34.769Z - [username4] - wanna scoop 50l (успех)
2020-01-03T12:57:32.124Z - [username5] - wanna top up 10l (успех) 
2020-01-03T12:59:34.769Z - [username6] - wanna top up 300l (фейл)
2020-01-03T13:51:32.124Z - [username1] - wanna top up 60l (успех) 
2020-01-03T13:51:34.769Z - [username2] - wanna scoop 50l (успех)
2020-01-03T13:51:37.124Z - [username3] - wanna scoop 10l (успех) 
2020-01-03T13:53:34.769Z - [username4] - wanna scoop 199l (фейл)
2020-01-03T13:57:32.124Z - [username5] - wanna top up 10l (успех) 
2020-01-03T13:59:34.769Z - [username6] - wanna scoop 5l (успех)
2020-01-03T14:51:32.124Z - [username1] - wanna top up 10l (успех) 
2020-01-03T14:51:34.769Z - [username2] - wanna scoop 5l (успех)
2020-01-03T14:51:37.124Z - [username3] - wanna scoop 90l (фейл) 
2020-01-03T14:53:34.769Z - [username4] - wanna scoop 70l (фейл)
2020-01-03T14:57:32.124Z - [username5] - wanna top up 10l (успех) 
2020-01-03T14:59:34.769Z - [username6] - wanna top up 190l (фейл)
2020-01-03T15:51:32.124Z - [username1] - wanna top up 5l (успех) 
2020-01-03T15:51:34.769Z - [username2] - wanna scoop 5l (успех)
2020-01-03T15:51:37.124Z - [username3] - wanna top up 5l (успех) 
2020-01-03T15:53:34.769Z - [username4] - wanna scoop 5l (успех)
2020-01-03T15:57:32.124Z - [username5] - wanna top up 5l (успех) 
2020-01-03T15:59:34.769Z - [username6] - wanna scoop 250l (фейл)
2020-01-03T16:51:32.124Z - [username1] - wanna top up 5l (успех) 
2020-01-03T16:51:34.769Z - [username2] - wanna scoop 5l (успех)
2020-01-03T16:51:37.124Z - [username3] - wanna top up 5l (успех) 
2020-01-03T16:53:34.769Z - [username4] - wanna scoop 5l (успех)
2020-01-03T16:57:32.124Z - [username5] - wanna top up 5l (успех) 
2020-01-03T16:59:34.769Z - [username6] - wanna scoop 250l (фейл)
2020-01-03T17:51:32.124Z - [username1] - wanna top up 5l (успех) 
2020-01-03T17:51:34.769Z - [username2] - wanna scoop 5l (успех)
2020-01-03T17:51:37.124Z - [username3] - wanna top up 5l (успех) 
2020-01-03T17:53:34.769Z - [username4] - wanna scoop 5l (успех)
2020-01-03T17:57:32.124Z - [username5] - wanna top up 5l (успех) 
2020-01-03T17:59:34.769Z - [username6] - wanna scoop 250l (фейл)
2020-01-03T18:51:32.124Z - [username1] - wanna top up 5l (успех) 
2020-01-03T18:51:34.769Z - [username2] - wanna scoop 5l (успех)
2020-01-03T18:51:37.124Z - [username3] - wanna top up 5l (успех) 
2020-01-03T18:53:34.769Z - [username4] - wanna scoop 5l (успех)
2020-01-03T18:57:32.124Z - [username5] - wanna top up 5l (успех) 
2020-01-03T18:59:34.769Z - [username6] - wanna scoop 250l (фейл)
2020-01-03T19:51:32.124Z - [username1] - wanna top up 5l (успех) 
2020-01-03T19:51:34.769Z - [username2] - wanna scoop 5l (успех)
2020-01-03T19:51:37.124Z - [username3] - wanna top up 5l (успех) 
2020-01-03T19:53:34.769Z - [username4] - wanna scoop 5l (успех)
2020-01-03T19:57:32.124Z - [username5] - wanna top up 5l (успех) 
2020-01-03T19:59:34.769Z - [username6] - wanna scoop 250l (фейл)
2020-01-03T20:51:32.124Z - [username1] - wanna top up 5l (успех) 
2020-01-03T20:51:34.769Z - [username2] - wanna scoop 5l (успех)
2020-01-03T20:51:37.124Z - [username3] - wanna top up 5l (успех) 
2020-01-03T20:53:34.769Z - [username4] - wanna scoop 5l (успех)
2020-01-03T20:57:32.124Z - [username5] - wanna top up 5l (успех) 
2020-01-03T20:59:34.769Z - [username6] - wanna scoop 250l (фейл)
2020-01-03T21:51:32.124Z - [username1] - wanna top up 5l (успех) 
2020-01-03T21:51:34.769Z - [username2] - wanna scoop 5l (успех)
2020-01-03T21:51:37.124Z - [username3] - wanna top up 5l (успех) 
2020-01-03T21:53:34.769Z - [username4] - wanna scoop 5l (успех)
2020-01-03T21:57:32.124Z - [username5] - wanna top up 5l (успех) 
2020-01-03T21:59:34.769Z - [username6] - wanna scoop 250l (фейл)
2020-01-03T22:51:32.124Z - [username1] - wanna top up 5l (успех) 
2020-01-03T22:51:34.769Z - [username2] - wanna scoop 5l (успех)
2020-01-03T22:51:37.124Z - [username3] - wanna top up 5l (успех) 
2020-01-03T22:53:34.769Z - [username4] - wanna scoop 5l (успех)
2020-01-03T22:57:32.124Z - [username5] - wanna top up 5l (успех) 
2020-01-03T22:59:34.769Z - [username6] - wanna scoop 250l (фейл)
2020-01-03T23:51:32.124Z - [username1] - wanna top up 5l (успех) 
2020-01-03T23:51:34.769Z - [username2] - wanna scoop 5l (успех)
2020-01-03T23:51:37.124Z - [username3] - wanna top up 5l (успех) 
2020-01-03T23:53:34.769Z - [username4] - wanna scoop 5l (успех)
2020-01-03T23:57:32.124Z - [username5] - wanna top up 5l (успех) 
2020-01-03T23:59:34.769Z - [username6] - wanna scoop 250l (фейл)
2020-01-03T23:59:44.769Z - [username7] - wanna scoop 97l (успех)
2020-01-03T23:59:58.769Z - [username8] - wanna top up 32l (успех)
2020-01-04T12:51:32.124Z - [username1] - wanna top up 10l (успех) 
2020-01-04T12:51:34.769Z - [username2] - wanna scoop 50l (фейл)
2020-01-04T12:51:37.124Z - [username3] - wanna top up 30l (успех) 
2020-01-04T12:53:34.769Z - [username4] - wanna scoop 50l (успех)
2020-01-04T12:57:32.124Z - [username5] - wanna top up 10l (успех) 
2020-01-04T12:59:34.769Z - [username6] - wanna top up 300l (фейл)
2020-01-04T13:51:32.124Z - [username1] - wanna top up 60l (успех) 
2020-01-04T13:51:34.769Z - [username2] - wanna scoop 50l (успех)
2020-01-04T13:51:37.124Z - [username3] - wanna scoop 10l (успех) 
2020-01-04T13:53:34.769Z - [username4] - wanna scoop 199l (фейл)
2020-01-04T13:57:32.124Z - [username5] - wanna top up 10l (успех) 
2020-01-04T13:59:34.769Z - [username6] - wanna scoop 5l (успех)
2020-01-04T14:51:32.124Z - [username1] - wanna top up 10l (успех) 
2020-01-04T14:51:34.769Z - [username2] - wanna scoop 5l (успех)
2020-01-04T14:51:37.124Z - [username3] - wanna scoop 90l (фейл) 
2020-01-04T14:53:34.769Z - [username4] - wanna scoop 70l (фейл)
2020-01-04T14:57:32.124Z - [username5] - wanna top up 10l (успех) 
2020-01-04T14:59:34.769Z - [username6] - wanna top up 190l (фейл)
2020-01-04T15:51:32.124Z - [username1] - wanna top up 5l (успех) 
2020-01-04T15:51:34.769Z - [username2] - wanna scoop 5l (успех)
2020-01-04T15:51:37.124Z - [username3] - wanna top up 5l (успех) 
2020-01-04T15:53:34.769Z - [username4] - wanna scoop 5l (успех)
2020-01-04T15:57:32.124Z - [username5] - wanna top up 5l (успех) 
2020-01-04T15:59:34.769Z - [username6] - wanna scoop 250l (фейл)
2020-01-04T16:51:32.124Z - [username1] - wanna top up 5l (успех) 
2020-01-04T16:51:34.769Z - [username2] - wanna scoop 5l (успех)
2020-01-04T16:51:37.124Z - [username3] - wanna top up 5l (успех) 
2020-01-04T16:53:34.769Z - [username4] - wanna scoop 5l (успех)
2020-01-04T16:57:32.124Z - [username5] - wanna top up 5l (успех) 
2020-01-04T16:59:34.769Z - [username6] - wanna scoop 250l (фейл)
2020-01-04T17:51:32.124Z - [username1] - wanna top up 5l (успех) 
2020-01-04T17:51:34.769Z - [username2] - wanna scoop 5l (успех)
2020-01-04T17:51:37.124Z - [username3] - wanna top up 5l (успех) 
2020-01-04T17:53:34.769Z - [username4] - wanna scoop 5l (успех)
2020-01-04T17:57:32.124Z - [username5] - wanna top up 5l (успех) 
2020-01-04T17:59:34.769Z - [username6] - wanna scoop 250l (фейл)
2020-01-04T18:51:32.124Z - [username1] - wanna top up 5l (успех) 
2020-01-04T18:51:34.769Z - [username2] - wanna scoop 5l (успех)
2020-01-04T18:51:37.124Z - [username3] - wanna top up 5l (успех) 
2020-01-04T18:53:34.769Z - [username4] - wanna scoop 5l (успех)
2020-01-04T18:57:32.124Z - [username5] - wanna top up 5l (успех) 
2020-01-04T18:59:34.769Z - [username6] - wanna scoop 250l (фейл)
2020-01-04T19:51:32.124Z - [username1] - wanna top up 5l (успех) 
2020-01-04T19:51:34.769Z - [username2] - wanna scoop 5l (успех)
2020-01-04T19:51:37.124Z - [username3] - wanna top up 5l (успех) 
2020-01-04T19:53:34.769Z - [username4] - wanna scoop 5l (успех)
2020-01-04T19:57:32.124Z - [username5] - wanna top up 5l (успех) 
2020-01-04T19:59:34.769Z - [username6] - wanna scoop 250l (фейл)
2020-01-04T20:51:32.124Z - [username1] - wanna top up 5l (успех) 
2020-01-04T20:51:34.769Z - [username2] - wanna scoop 5l (успех)
2020-01-04T20:51:37.124Z - [username3] - wanna top up 5l (успех) 
2020-01-04T20:53:34.769Z - [username4] - wanna scoop 5l (успех)
2020-01-04T20:57:32.124Z - [username5] - wanna top up 5l (успех) 
2020-01-04T20:59:34.769Z - [username6] - wanna scoop 250l (фейл)
2020-01-04T21:51:32.124Z - [username1] - wanna top up 5l (успех) 
2020-01-04T21:51:34.769Z - [username2] - wanna scoop 5l (успех)
2020-01-04T21:51:37.124Z - [username3] - wanna top up 5l (успех) 
2020-01-04T21:53:34.769Z - [username4] - wanna scoop 5l (успех)
2020-01-04T21:57:32.124Z - [username5] - wanna top up 5l (успех) 
2020-01-04T21:59:34.769Z - [username6] - wanna scoop 250l (фейл)
2020-01-04T22:51:32.124Z - [username1] - wanna top up 5l (успех) 
2020-01-04T22:51:34.769Z - [username2] - wanna scoop 5l (успех)
2020-01-04T22:51:37.124Z - [username3] - wanna top up 5l (успех) 
2020-01-04T22:53:34.769Z - [username4] - wanna scoop 5l (успех)
2020-01-04T22:57:32.124Z - [username5] - wanna top up 5l (успех) 
2020-01-04T22:59:34.769Z - [username6] - wanna scoop 250l (фейл)
2020-01-04T23:51:32.124Z - [username1] - wanna top up 5l (успех) 
2020-01-04T23:51:34.769Z - [username2] - wanna scoop 5l (успех)
2020-01-04T23:51:37.124Z - [username3] - wanna top up 5l (успех) 
2020-01-04T23:53:34.769Z - [username4] - wanna scoop 5l (успех)
2020-01-04T23:57:32.124Z - [username5] - wanna top up 5l (успех) 
2020-01-04T23:59:34.769Z - [username6] - wanna scoop 250l (фейл)
2020-01-04T23:59:44.769Z - [username7] - wanna scoop 97l (успех)
2020-01-04T23:59:58.769Z - [username8] - wanna top up 32l (успех)
2020-01-05T12:51:32.124Z - [username1] - wanna top up 10l (успех) 
2020-01-05T12:51:34.769Z - [username2] - wanna scoop 50l (фейл)
2020-01-05T12:51:37.124Z - [username3] - wanna top up 30l (успех) 
2020-01-05T12:53:34.769Z - [username4] - wanna scoop 50l (успех)
2020-01-05T12:57:32.124Z - [username5] - wanna top up 10l (успех) 
2020-01-05T12:59:34.769Z - [username6] - wanna top up 300l (фейл)
2020-01-05T13:51:32.124Z - [username1] - wanna top up 60l (успех) 
2020-01-05T13:51:34.769Z - [username2] - wanna scoop 50l (успех)
2020-01-05T13:51:37.124Z - [username3] - wanna scoop 10l (успех) 
2020-01-05T13:53:34.769Z - [username4] - wanna scoop 199l (фейл)
2020-01-05T13:57:32.124Z - [username5] - wanna top up 10l (успех) 
2020-01-05T13:59:34.769Z - [username6] - wanna scoop 5l (успех)
2020-01-05T14:51:32.124Z - [username1] - wanna top up 10l (успех) 
2020-01-05T14:51:34.769Z - [username2] - wanna scoop 5l (успех)
2020-01-05T14:51:37.124Z - [username3] - wanna scoop 90l (фейл) 
2020-01-05T14:53:34.769Z - [username4] - wanna scoop 70l (фейл)
2020-01-05T14:57:32.124Z - [username5] - wanna top up 10l (успех) 
2020-01-05T14:59:34.769Z - [username6] - wanna top up 190l (фейл)
2020-01-05T15:51:32.124Z - [username1] - wanna top up 5l (успех) 
2020-01-05T15:51:34.769Z - [username2] - wanna scoop 5l (успех)
2020-01-05T15:51:37.124Z - [username3] - wanna top up 5l (успех) 
2020-01-05T15:53:34.769Z - [username4] - wanna scoop 5l (успех)
2020-01-05T15:57:32.124Z - [username5] - wanna top up 5l (успех) 
2020-01-05T15:59:34.769Z - [username6] - wanna scoop 250l (фейл)
2020-01-05T16:51:32.124Z - [username1] - wanna top up 5l (успех) 
2020-01-05T16:51:34.769Z - [username2] - wanna scoop 5l (успех)
2020-01-05T16:51:37.124Z - [username3] - wanna top up 5l (успех) 
2020-01-05T16:53:34.769Z - [username4] - wanna scoop 5l (успех)
2020-01-05T16:57:32.124Z - [username5] - wanna top up 5l (успех) 
2020-01-05T16:59:34.769Z - [username6] - wanna scoop 250l (фейл)
2020-01-05T17:51:32.124Z - [username1] - wanna top up 5l (успех) 
2020-01-05T17:51:34.769Z - [username2] - wanna scoop 5l (успех)
2020-01-05T17:51:37.124Z - [username3] - wanna top up 5l (успех) 
2020-01-05T17:53:34.769Z - [username4] - wanna scoop 5l (успех)
2020-01-05T17:57:32.124Z - [username5] - wanna top up 5l (успех) 
2020-01-05T17:59:34.769Z - [username6] - wanna scoop 250l (фейл)
2020-01-05T18:51:32.124Z - [username1] - wanna top up 5l (успех) 
2020-01-05T18:51:34.769Z - [username2] - wanna scoop 5l (успех)
2020-01-05T18:51:37.124Z - [username3] - wanna top up 5l (успех) 
2020-01-05T18:53:34.769Z - [username4] - wanna scoop 5l (успех)
2020-01-05T18:57:32.124Z - [username5] - wanna top up 5l (успех) 
2020-01-05T18:59:34.769Z - [username6] - wanna scoop 250l (фейл)
2020-01-05T19:51:32.124Z - [username1] - wanna top up 5l (успех) 
2020-01-05T19:51:34.769Z - [username2] - wanna scoop 5l (успех)
2020-01-05T19:51:37.124Z - [username3] - wanna top up 5l (успех) 
2020-01-05T19:53:34.769Z - [username4] - wanna scoop 5l (успех)
2020-01-05T19:57:32.124Z - [username5] - wanna top up 5l (успех) 
2020-01-05T19:59:34.769Z - [username6] - wanna scoop 250l (фейл)
2020-01-05T20:51:32.124Z - [username1] - wanna top up 5l (успех) 
2020-01-05T20:51:34.769Z - [username2] - wanna scoop 5l (успех)
2020-01-05T20:51:37.124Z - [username3] - wanna top up 5l (успех) 
2020-01-05T20:53:34.769Z - [username4] - wanna scoop 5l (успех)
2020-01-05T20:57:32.124Z - [username5] - wanna top up 5l (успех) 
2020-01-05T20:59:34.769Z - [username6] - wanna scoop 250l (фейл)
2020-01-05T21:51:32.124Z - [username1] - wanna top up 5l (успех) 
2020-01-05T21:51:34.769Z - [username2] - wanna scoop 5l (успех)
2020-01-05T21:51:37.124Z - [username3] - wanna top up 5l (успех) 
2020-01-05T21:53:34.769Z - [username4] - wanna scoop 5l (успех)
2020-01-05T21:57:32.124Z - [username5] - wanna top up 5l (успех) 
2020-01-05T21:59:34.769Z - [username6] - wanna scoop 250l (фейл)
2020-01-05T22:51:32.124Z - [username1] - wanna top up 5l (успех) 
2020-01-05T22:51:34.769Z - [username2] - wanna scoop 5l (успех)
2020-01-05T22:51:37.124Z - [username3] - wanna top up 5l (успех) 
2020-01-05T22:53:34.769Z - [username4] - wanna scoop 5l (успех)
2020-01-05T22:57:32.124Z - [username5] - wanna top up 5l (успех) 
2020-01-05T22:59:34.769Z - [username6] - wanna scoop 250l (фейл)
2020-01-05T23:51:32.124Z - [username1] - wanna top up 5l (успех) 
2020-01-05T23:51:34.769Z - [username2] - wanna scoop 5l (успех)
2020-01-05T23:51:37.124Z - [username3] - wanna top up 5l (успех) 
2020-01-05T23:53:34.769Z - [username4] - wanna scoop 5l (успех)
2020-01-05T23:57:32.124Z - [username5] - wanna top up 5l (успех) 
2020-01-05T23:59:34.769Z - [username6] - wanna scoop 250l (фейл)
2020-01-05T23:59:44.769Z - [username7] - wanna scoop 97l (успех)
2020-01-05T23:59:58.769Z - [username8] - wanna top up 32l (успех)
2020-02-01T12:51:32.124Z - [username1] - wanna top up 10l (успех) 
2020-02-01T12:51:34.769Z - [username2] - wanna scoop 50l (фейл)
2020-02-01T12:51:37.124Z - [username3] - wanna top up 30l (успех) 
2020-02-01T12:53:34.769Z - [username4] - wanna scoop 50l (успех)
2020-02-01T12:57:32.124Z - [username5] - wanna top up 10l (успех) 
2020-02-01T12:59:34.769Z - [username6] - wanna top up 300l (фейл)
2020-02-01T13:51:32.124Z - [username1] - wanna top up 60l (успех) 
2020-02-01T13:51:34.769Z - [username2] - wanna scoop 50l (успех)
2020-02-01T13:51:37.124Z - [username3] - wanna scoop 10l (успех) 
2020-02-01T13:53:34.769Z - [username4] - wanna scoop 199l (фейл)
2020-02-01T13:57:32.124Z - [username5] - wanna top up 10l (успех) 
2020-02-01T13:59:34.769Z - [username6] - wanna scoop 5l (успех)
2020-02-01T14:51:32.124Z - [username1] - wanna top up 10l (успех) 
2020-02-01T14:51:34.769Z - [username2] - wanna scoop 5l (успех)
2020-02-01T14:51:37.124Z - [username3] - wanna scoop 90l (фейл) 
2020-02-01T14:53:34.769Z - [username4] - wanna scoop 70l (фейл)
2020-02-01T14:57:32.124Z - [username5] - wanna top up 10l (успех) 
2020-02-01T14:59:34.769Z - [username6] - wanna top up 190l (фейл)
2020-02-01T15:51:32.124Z - [username1] - wanna top up 5l (успех) 
2020-02-01T15:51:34.769Z - [username2] - wanna scoop 5l (успех)
2020-02-01T15:51:37.124Z - [username3] - wanna top up 5l (успех) 
2020-02-01T15:53:34.769Z - [username4] - wanna scoop 5l (успех)
2020-02-01T15:57:32.124Z - [username5] - wanna top up 5l (успех) 
2020-02-01T15:59:34.769Z - [username6] - wanna scoop 250l (фейл)
2020-02-01T16:51:32.124Z - [username1] - wanna top up 5l (успех) 
2020-02-01T16:51:34.769Z - [username2] - wanna scoop 5l (успех)
2020-02-01T16:51:37.124Z - [username3] - wanna top up 5l (успех) 
2020-02-01T16:53:34.769Z - [username4] - wanna scoop 5l (успех)
2020-02-01T16:57:32.124Z - [username5] - wanna top up 5l (успех) 
2020-02-01T16:59:34.769Z - [username6] - wanna scoop 250l (фейл)
2020-02-01T17:51:32.124Z - [username1] - wanna top up 5l (успех) 
2020-02-01T17:51:34.769Z - [username2] - wanna scoop 5l (успех)
2020-02-01T17:51:37.124Z - [username3] - wanna top up 5l (успех) 
2020-02-01T17:53:34.769Z - [username4] - wanna scoop 5l (успех)
2020-02-01T17:57:32.124Z - [username5] - wanna top up 5l (успех) 
2020-02-01T17:59:34.769Z - [username6] - wanna scoop 250l (фейл)
2020-02-01T18:51:32.124Z - [username1] - wanna top up 5l (успех) 
2020-02-01T18:51:34.769Z - [username2] - wanna scoop 5l (успех)
2020-02-01T18:51:37.124Z - [username3] - wanna top up 5l (успех) 
2020-02-01T18:53:34.769Z - [username4] - wanna scoop 5l (успех)
2020-02-01T18:57:32.124Z - [username5] - wanna top up 5l (успех) 
2020-02-01T18:59:34.769Z - [username6] - wanna scoop 250l (фейл)
2020-02-01T19:51:32.124Z - [username1] - wanna top up 5l (успех) 
2020-02-01T19:51:34.769Z - [username2] - wanna scoop 5l (успех)
2020-02-01T19:51:37.124Z - [username3] - wanna top up 5l (успех) 
2020-02-01T19:53:34.769Z - [username4] - wanna scoop 5l (успех)
2020-02-01T19:57:32.124Z - [username5] - wanna top up 5l (успех) 
2020-02-01T19:59:34.769Z - [username6] - wanna scoop 250l (фейл)
2020-02-01T20:51:32.124Z - [username1] - wanna top up 5l (успех) 
2020-02-01T20:51:34.769Z - [username2] - wanna scoop 5l (успех)
2020-02-01T20:51:37.124Z - [username3] - wanna top up 5l (успех) 
2020-02-01T20:53:34.769Z - [username4] - wanna scoop 5l (успех)
2020-02-01T20:57:32.124Z - [username5] - wanna top up 5l (успех) 
2020-02-01T20:59:34.769Z - [username6] - wanna scoop 250l (фейл)
2020-02-01T21:51:32.124Z - [username1] - wanna top up 5l (успех) 
2020-02-01T21:51:34.769Z - [username2] - wanna scoop 5l (успех)
2020-02-01T21:51:37.124Z - [username3] - wanna top up 5l (успех) 
2020-02-01T21:53:34.769Z - [username4] - wanna scoop 5l (успех)
2020-02-01T21:57:32.124Z - [username5] - wanna top up 5l (успех) 
2020-02-01T21:59:34.769Z - [username6] - wanna scoop 250l (фейл)
2020-02-01T22:51:32.124Z - [username1] - wanna top up 5l (успех) 
2020-02-01T22:51:34.769Z - [username2] - wanna scoop 5l (успех)
2020-02-01T22:51:37.124Z - [username3] - wanna top up 5l (успех) 
2020-02-01T22:53:34.769Z - [username4] - wanna scoop 5l (успех)
2020-02-01T22:57:32.124Z - [username5] - wanna top up 5l (успех) 
2020-02-01T22:59:34.769Z - [username6] - wanna scoop 250l (фейл)
2020-02-01T23:51:32.124Z - [username1] - wanna top up 5l (успех) 
2020-02-01T23:51:34.769Z - [username2] - wanna scoop 5l (успех)
2020-02-01T23:51:37.124Z - [username3] - wanna top up 5l (успех) 
2020-02-01T23:53:34.769Z - [username4] - wanna scoop 5l (успех)
2020-02-01T23:57:32.124Z - [username5] - wanna top up 5l (успех) 
2020-02-01T23:59:34.769Z - [username6] - wanna scoop 250l (фейл)
2020-02-01T23:59:44.769Z - [username7] - wanna scoop 97l (успех)
2020-02-01T23:59:58.769Z - [username8] - wanna top up 32l (успех)
2020-02-02T12:51:32.124Z - [username1] - wanna top up 10l (успех) 
2020-02-02T12:51:34.769Z - [username2] - wanna scoop 50l (фейл)
2020-02-02T12:51:37.124Z - [username3] - wanna top up 30l (успех) 
2020-02-02T12:53:34.769Z - [username4] - wanna scoop 50l (успех)
2020-02-02T12:57:32.124Z - [username5] - wanna top up 10l (успех) 
2020-02-02T12:59:34.769Z - [username6] - wanna top up 300l (фейл)
2020-02-02T13:51:32.124Z - [username1] - wanna top up 60l (успех) 
2020-02-02T13:51:34.769Z - [username2] - wanna scoop 50l (успех)
2020-02-02T13:51:37.124Z - [username3] - wanna scoop 10l (успех) 
2020-02-02T13:53:34.769Z - [username4] - wanna scoop 199l (фейл)
2020-02-02T13:57:32.124Z - [username5] - wanna top up 10l (успех) 
2020-02-02T13:59:34.769Z - [username6] - wanna scoop 5l (успех)
2020-02-02T14:51:32.124Z - [username1] - wanna top up 10l (успех) 
2020-02-02T14:51:34.769Z - [username2] - wanna scoop 5l (успех)
2020-02-02T14:51:37.124Z - [username3] - wanna scoop 90l (фейл) 
2020-02-02T14:53:34.769Z - [username4] - wanna scoop 70l (фейл)
2020-02-02T14:57:32.124Z - [username5] - wanna top up 10l (успех) 
2020-02-02T14:59:34.769Z - [username6] - wanna top up 190l (фейл)
2020-02-02T15:51:32.124Z - [username1] - wanna top up 5l (успех) 
2020-02-02T15:51:34.769Z - [username2] - wanna scoop 5l (успех)
2020-02-02T15:51:37.124Z - [username3] - wanna top up 5l (успех) 
2020-02-02T15:53:34.769Z - [username4] - wanna scoop 5l (успех)
2020-02-02T15:57:32.124Z - [username5] - wanna top up 5l (успех) 
2020-02-02T15:59:34.769Z - [username6] - wanna scoop 250l (фейл)
2020-02-02T16:51:32.124Z - [username1] - wanna top up 5l (успех) 
2020-02-02T16:51:34.769Z - [username2] - wanna scoop 5l (успех)
2020-02-02T16:51:37.124Z - [username3] - wanna top up 5l (успех) 
2020-02-02T16:53:34.769Z - [username4] - wanna scoop 5l (успех)
2020-02-02T16:57:32.124Z - [username5] - wanna top up 5l (успех) 
2020-02-02T16:59:34.769Z - [username6] - wanna scoop 250l (фейл)
2020-02-02T17:51:32.124Z - [username1] - wanna top up 5l (успех) 
2020-02-02T17:51:34.769Z - [username2] - wanna scoop 5l (успех)
2020-02-02T17:51:37.124Z - [username3] - wanna top up 5l (успех) 
2020-02-02T17:53:34.769Z - [username4] - wanna scoop 5l (успех)
2020-02-02T17:57:32.124Z - [username5] - wanna top up 5l (успех) 
2020-02-02T17:59:34.769Z - [username6] - wanna scoop 250l (фейл)
2020-02-02T18:51:32.124Z - [username1] - wanna top up 5l (успех) 
2020-02-02T18:51:34.769Z - [username2] - wanna scoop 5l (успех)
2020-02-02T18:51:37.124Z - [username3] - wanna top up 5l (успех) 
2020-02-02T18:53:34.769Z - [username4] - wanna scoop 5l (успех)
2020-02-02T18:57:32.124Z - [username5] - wanna top up 5l (успех) 
2020-02-02T18:59:34.769Z - [username6] - wanna scoop 250l (фейл)
2020-02-02T19:51:32.124Z - [username1] - wanna top up 5l (успех) 
2020-02-02T19:51:34.769Z - [username2] - wanna scoop 5l (успех)
2020-02-02T19:51:37.124Z - [username3] - wanna top up 5l (успех) 
2020-02-02T19:53:34.769Z - [username4] - wanna scoop 5l (успех)
2020-02-02T19:57:32.124Z - [username5] - wanna top up 5l (успех) 
2020-02-02T19:59:34.769Z - [username6] - wanna scoop 250l (фейл)
2020-02-02T20:51:32.124Z - [username1] - wanna top up 5l (успех) 
2020-02-02T20:51:34.769Z - [username2] - wanna scoop 5l (успех)
2020-02-02T20:51:37.124Z - [username3] - wanna top up 5l (успех) 
2020-02-02T20:53:34.769Z - [username4] - wanna scoop 5l (успех)
2020-02-02T20:57:32.124Z - [username5] - wanna top up 5l (успех) 
2020-02-02T20:59:34.769Z - [username6] - wanna scoop 250l (фейл)
2020-02-02T21:51:32.124Z - [username1] - wanna top up 5l (успех) 
2020-02-02T21:51:34.769Z - [username2] - wanna scoop 5l (успех)
2020-02-02T21:51:37.124Z - [username3] - wanna top up 5l (успех) 
2020-02-02T21:53:34.769Z - [username4] - wanna scoop 5l (успех)
2020-02-02T21:57:32.124Z - [username5] - wanna top up 5l (успех) 
2020-02-02T21:59:34.769Z - [username6] - wanna scoop 250l (фейл)
2020-02-02T22:51:32.124Z - [username1] - wanna top up 5l (успех) 
2020-02-02T22:51:34.769Z - [username2] - wanna scoop 5l (успех)
2020-02-02T22:51:37.124Z - [username3] - wanna top up 5l (успех) 
2020-02-02T22:53:34.769Z - [username4] - wanna scoop 5l (успех)
2020-02-02T22:57:32.124Z - [username5] - wanna top up 5l (успех) 
2020-02-02T22:59:34.769Z - [username6] - wanna scoop 250l (фейл)
2020-02-02T23:51:32.124Z - [username1] - wanna top up 5l (успех) 
2020-02-02T23:51:34.769Z - [username2] - wanna scoop 5l (успех)
2020-02-02T23:51:37.124Z - [username3] - wanna top up 5l (успех) 
2020-02-02T23:53:34.769Z - [username4] - wanna scoop 5l (успех)
2020-02-02T23:57:32.124Z - [username5] - wanna top up 5l (успех) 
2020-02-02T23:59:34.769Z - [username6] - wanna scoop 250l (фейл)
2020-02-02T23:59:44.769Z - [username7] - wanna scoop 97l (успех)
2020-02-02T23:59:58.769Z - [username8] - wanna top up 32l (успех)
2020-02-03T12:51:32.124Z - [username1] - wanna top up 10l (успех) 
2020-02-03T12:51:34.769Z - [username2] - wanna scoop 50l (фейл)
2020-02-03T12:51:37.124Z - [username3] - wanna top up 30l (успех) 
2020-02-03T12:53:34.769Z - [username4] - wanna scoop 50l (успех)
2020-02-03T12:57:32.124Z - [username5] - wanna top up 10l (успех) 
2020-02-03T12:59:34.769Z - [username6] - wanna top up 300l (фейл)
2020-02-03T13:51:32.124Z - [username1] - wanna top up 60l (успех) 
2020-02-03T13:51:34.769Z - [username2] - wanna scoop 50l (успех)
2020-02-03T13:51:37.124Z - [username3] - wanna scoop 10l (успех) 
2020-02-03T13:53:34.769Z - [username4] - wanna scoop 199l (фейл)
2020-02-03T13:57:32.124Z - [username5] - wanna top up 10l (успех) 
2020-02-03T13:59:34.769Z - [username6] - wanna scoop 5l (успех)
2020-02-03T14:51:32.124Z - [username1] - wanna top up 10l (успех) 
2020-02-03T14:51:34.769Z - [username2] - wanna scoop 5l (успех)
2020-02-03T14:51:37.124Z - [username3] - wanna scoop 90l (фейл) 
2020-02-03T14:53:34.769Z - [username4] - wanna scoop 70l (фейл)
2020-02-03T14:57:32.124Z - [username5] - wanna top up 10l (успех) 
2020-02-03T14:59:34.769Z - [username6] - wanna top up 190l (фейл)
2020-02-03T15:51:32.124Z - [username1] - wanna top up 5l (успех) 
2020-02-03T15:51:34.769Z - [username2] - wanna scoop 5l (успех)
2020-02-03T15:51:37.124Z - [username3] - wanna top up 5l (успех) 
2020-02-03T15:53:34.769Z - [username4] - wanna scoop 5l (успех)
2020-02-03T15:57:32.124Z - [username5] - wanna top up 5l (успех) 
2020-02-03T15:59:34.769Z - [username6] - wanna scoop 250l (фейл)
2020-02-03T16:51:32.124Z - [username1] - wanna top up 5l (успех) 
2020-02-03T16:51:34.769Z - [username2] - wanna scoop 5l (успех)
2020-02-03T16:51:37.124Z - [username3] - wanna top up 5l (успех) 
2020-02-03T16:53:34.769Z - [username4] - wanna scoop 5l (успех)
2020-02-03T16:57:32.124Z - [username5] - wanna top up 5l (успех) 
2020-02-03T16:59:34.769Z - [username6] - wanna scoop 250l (фейл)
2020-02-03T17:51:32.124Z - [username1] - wanna top up 5l (успех) 
2020-02-03T17:51:34.769Z - [username2] - wanna scoop 5l (успех)
2020-02-03T17:51:37.124Z - [username3] - wanna top up 5l (успех) 
2020-02-03T17:53:34.769Z - [username4] - wanna scoop 5l (успех)
2020-02-03T17:57:32.124Z - [username5] - wanna top up 5l (успех) 
2020-02-03T17:59:34.769Z - [username6] - wanna scoop 250l (фейл)
2020-02-03T18:51:32.124Z - [username1] - wanna top up 5l (успех) 
2020-02-03T18:51:34.769Z - [username2] - wanna scoop 5l (успех)
2020-02-03T18:51:37.124Z - [username3] - wanna top up 5l (успех) 
2020-02-03T18:53:34.769Z - [username4] - wanna scoop 5l (успех)
2020-02-03T18:57:32.124Z - [username5] - wanna top up 5l (успех) 
2020-02-03T18:59:34.769Z - [username6] - wanna scoop 250l (фейл)
2020-02-03T19:51:32.124Z - [username1] - wanna top up 5l (успех) 
2020-02-03T19:51:34.769Z - [username2] - wanna scoop 5l (успех)
2020-02-03T19:51:37.124Z - [username3] - wanna top up 5l (успех) 
2020-02-03T19:53:34.769Z - [username4] - wanna scoop 5l (успех)
2020-02-03T19:57:32.124Z - [username5] - wanna top up 5l (успех) 
2020-02-03T19:59:34.769Z - [username6] - wanna scoop 250l (фейл)
2020-02-03T20:51:32.124Z - [username1] - wanna top up 5l (успех) 
2020-02-03T20:51:34.769Z - [username2] - wanna scoop 5l (успех)
2020-02-03T20:51:37.124Z - [username3] - wanna top up 5l (успех) 
2020-02-03T20:53:34.769Z - [username4] - wanna scoop 5l (успех)
2020-02-03T20:57:32.124Z - [username5] - wanna top up 5l (успех) 
2020-02-03T20:59:34.769Z - [username6] - wanna scoop 250l (фейл)
2020-02-03T21:51:32.124Z - [username1] - wanna top up 5l (успех) 
2020-02-03T21:51:34.769Z - [username2] - wanna scoop 5l (успех)
2020-02-03T21:51:37.124Z - [username3] - wanna top up 5l (успех) 
2020-02-03T21:53:34.769Z - [username4] - wanna scoop 5l (успех)
2020-02-03T21:57:32.124Z - [username5] - wanna top up 5l (успех) 
2020-02-03T21:59:34.769Z - [username6] - wanna scoop 250l (фейл)
2020-02-03T22:51:32.124Z - [username1] - wanna top up 5l (успех) 
2020-02-03T22:51:34.769Z - [username2] - wanna scoop 5l (успех)
2020-02-03T22:51:37.124Z - [username3] - wanna top up 5l (успех) 
2020-02-03T22:53:34.769Z - [username4] - wanna scoop 5l (успех)
2020-02-03T22:57:32.124Z - [username5] - wanna top up 5l (успех) 
2020-02-03T22:59:34.769Z - [username6] - wanna scoop 250l (фейл)
2020-02-03T23:51:32.124Z - [username1] - wanna top up 5l (успех) 
2020-02-03T23:51:34.769Z - [username2] - wanna scoop 5l (успех)
2020-02-03T23:51:37.124Z - [username3] - wanna top up 5l (успех) 
2020-02-03T23:53:34.769Z - [username4] - wanna scoop 5l (успех)
2020-02-03T23:57:32.124Z - [username5] - wanna top up 5l (успех) 
2020-02-03T23:59:34.769Z - [username6] - wanna scoop 250l (фейл)
2020-02-03T23:59:44.769Z - [username7] - wanna scoop 97l (успех)
2020-02-03T23:59:58.769Z - [username8] - wanna top up 32l (успех)
2020-02-04T12:51:32.124Z - [username1] - wanna top up 10l (успех) 
2020-02-04T12:51:34.769Z - [username2] - wanna scoop 50l (фейл)
2020-02-04T12:51:37.124Z - [username3] - wanna top up 30l (успех) 
2020-02-04T12:53:34.769Z - [username4] - wanna scoop 50l (успех)
2020-02-04T12:57:32.124Z - [username5] - wanna top up 10l (успех) 
2020-02-04T12:59:34.769Z - [username6] - wanna top up 300l (фейл)
2020-02-04T13:51:32.124Z - [username1] - wanna top up 60l (успех) 
2020-02-04T13:51:34.769Z - [username2] - wanna scoop 50l (успех)
2020-02-04T13:51:37.124Z - [username3] - wanna scoop 10l (успех) 
2020-02-04T13:53:34.769Z - [username4] - wanna scoop 199l (фейл)
2020-02-04T13:57:32.124Z - [username5] - wanna top up 10l (успех) 
2020-02-04T13:59:34.769Z - [username6] - wanna scoop 5l (успех)
2020-02-04T14:51:32.124Z - [username1] - wanna top up 10l (успех) 
2020-02-04T14:51:34.769Z - [username2] - wanna scoop 5l (успех)
2020-02-04T14:51:37.124Z - [username3] - wanna scoop 90l (фейл) 
2020-02-04T14:53:34.769Z - [username4] - wanna scoop 70l (фейл)
2020-02-04T14:57:32.124Z - [username5] - wanna top up 10l (успех) 
2020-02-04T14:59:34.769Z - [username6] - wanna top up 190l (фейл)
2020-02-04T15:51:32.124Z - [username1] - wanna top up 5l (успех) 
2020-02-04T15:51:34.769Z - [username2] - wanna scoop 5l (успех)
2020-02-04T15:51:37.124Z - [username3] - wanna top up 5l (успех) 
2020-02-04T15:53:34.769Z - [username4] - wanna scoop 5l (успех)
2020-02-04T15:57:32.124Z - [username5] - wanna top up 5l (успех) 
2020-02-04T15:59:34.769Z - [username6] - wanna scoop 250l (фейл)
2020-02-04T16:51:32.124Z - [username1] - wanna top up 5l (успех) 
2020-02-04T16:51:34.769Z - [username2] - wanna scoop 5l (успех)
2020-02-04T16:51:37.124Z - [username3] - wanna top up 5l (успех) 
2020-02-04T16:53:34.769Z - [username4] - wanna scoop 5l (успех)
2020-02-04T16:57:32.124Z - [username5] - wanna top up 5l (успех) 
2020-02-04T16:59:34.769Z - [username6] - wanna scoop 250l (фейл)
2020-02-04T17:51:32.124Z - [username1] - wanna top up 5l (успех) 
2020-02-04T17:51:34.769Z - [username2] - wanna scoop 5l (успех)
2020-02-04T17:51:37.124Z - [username3] - wanna top up 5l (успех) 
2020-02-04T17:53:34.769Z - [username4] - wanna scoop 5l (успех)
2020-02-04T17:57:32.124Z - [username5] - wanna top up 5l (успех) 
2020-02-04T17:59:34.769Z - [username6] - wanna scoop 250l (фейл)
2020-02-04T18:51:32.124Z - [username1] - wanna top up 5l (успех) 
2020-02-04T18:51:34.769Z - [username2] - wanna scoop 5l (успех)
2020-02-04T18:51:37.124Z - [username3] - wanna top up 5l (успех) 
2020-02-04T18:53:34.769Z - [username4] - wanna scoop 5l (успех)
2020-02-04T18:57:32.124Z - [username5] - wanna top up 5l (успех) 
2020-02-04T18:59:34.769Z - [username6] - wanna scoop 250l (фейл)
2020-02-04T19:51:32.124Z - [username1] - wanna top up 5l (успех) 
2020-02-04T19:51:34.769Z - [username2] - wanna scoop 5l (успех)
2020-02-04T19:51:37.124Z - [username3] - wanna top up 5l (успех) 
2020-02-04T19:53:34.769Z - [username4] - wanna scoop 5l (успех)
2020-02-04T19:57:32.124Z - [username5] - wanna top up 5l (успех) 
2020-02-04T19:59:34.769Z - [username6] - wanna scoop 250l (фейл)
2020-02-04T20:51:32.124Z - [username1] - wanna top up 5l (успех) 
2020-02-04T20:51:34.769Z - [username2] - wanna scoop 5l (успех)
2020-02-04T20:51:37.124Z - [username3] - wanna top up 5l (успех) 
2020-02-04T20:53:34.769Z - [username4] - wanna scoop 5l (успех)
2020-02-04T20:57:32.124Z - [username5] - wanna top up 5l (успех) 
2020-02-04T20:59:34.769Z - [username6] - wanna scoop 250l (фейл)
2020-02-04T21:51:32.124Z - [username1] - wanna top up 5l (успех) 
2020-02-04T21:51:34.769Z - [username2] - wanna scoop 5l (успех)
2020-02-04T21:51:37.124Z - [username3] - wanna top up 5l (успех) 
2020-02-04T21:53:34.769Z - [username4] - wanna scoop 5l (успех)
2020-02-04T21:57:32.124Z - [username5] - wanna top up 5l (успех) 
2020-02-04T21:59:34.769Z - [username6] - wanna scoop 250l (фейл)
2020-02-04T22:51:32.124Z - [username1] - wanna top up 5l (успех) 
2020-02-04T22:51:34.769Z - [username2] - wanna scoop 5l (успех)
2020-02-04T22:51:37.124Z - [username3] - wanna top up 5l (успех) 
2020-02-04T22:53:34.769Z - [username4] - wanna scoop 5l (успех)
2020-02-04T22:57:32.124Z - [username5] - wanna top up 5l (успех) 
2020-02-04T22:59:34.769Z - [username6] - wanna scoop 250l (фейл)
2020-02-04T23:51:32.124Z - [username1] - wanna top up 5l (успех) 
2020-02-04T23:51:34.769Z - [username2] - wanna scoop 5l (успех)
2020-02-04T23:51:37.124Z - [username3] - wanna top up 5l (успех) 
2020-02-04T23:53:34.769Z - [username4] - wanna scoop 5l (успех)
2020-02-04T23:57:32.124Z - [username5] - wanna top up 5l (успех) 
2020-02-04T23:59:34.769Z - [username6] - wanna scoop 250l (фейл)
2020-02-04T23:59:44.769Z - [username7] - wanna scoop 97l (успех)
2020-02-04T23:59:58.769Z - [username8] - wanna top up 32l (успех)
2020-02-05T12:51:32.124Z - [username1] - wanna top up 10l (успех) 
2020-02-05T12:51:34.769Z - [username2] - wanna scoop 50l (фейл)
2020-02-05T12:51:37.124Z - [username3] - wanna top up 30l (успех) 
2020-02-05T12:53:34.769Z - [username4] - wanna scoop 50l (успех)
2020-02-05T12:57:32.124Z - [username5] - wanna top up 10l (успех) 
2020-02-05T12:59:34.769Z - [username6] - wanna top up 300l (фейл)
2020-02-05T13:51:32.124Z - [username1] - wanna top up 60l (успех) 
2020-02-05T13:51:34.769Z - [username2] - wanna scoop 50l (успех)
2020-02-05T13:51:37.124Z - [username3] - wanna scoop 10l (успех) 
2020-02-05T13:53:34.769Z - [username4] - wanna scoop 199l (фейл)
2020-02-05T13:57:32.124Z - [username5] - wanna top up 10l (успех) 
2020-02-05T13:59:34.769Z - [username6] - wanna scoop 5l (успех)
2020-02-05T14:51:32.124Z - [username1] - wanna top up 10l (успех) 
2020-02-05T14:51:34.769Z - [username2] - wanna scoop 5l (успех)
2020-02-05T14:51:37.124Z - [username3] - wanna scoop 90l (фейл) 
2020-02-05T14:53:34.769Z - [username4] - wanna scoop 70l (фейл)
2020-02-05T14:57:32.124Z - [username5] - wanna top up 10l (успех) 
2020-02-05T14:59:34.769Z - [username6] - wanna top up 190l (фейл)
2020-02-05T15:51:32.124Z - [username1] - wanna top up 5l (успех) 
2020-02-05T15:51:34.769Z - [username2] - wanna scoop 5l (успех)
2020-02-05T15:51:37.124Z - [username3] - wanna top up 5l (успех) 
2020-02-05T15:53:34.769Z - [username4] - wanna scoop 5l (успех)
2020-02-05T15:57:32.124Z - [username5] - wanna top up 5l (успех) 
2020-02-05T15:59:34.769Z - [username6] - wanna scoop 250l (фейл)
2020-02-05T16:51:32.124Z - [username1] - wanna top up 5l (успех) 
2020-02-05T16:51:34.769Z - [username2] - wanna scoop 5l (успех)
2020-02-05T16:51:37.124Z - [username3] - wanna top up 5l (успех) 
2020-02-05T16:53:34.769Z - [username4] - wanna scoop 5l (успех)
2020-02-05T16:57:32.124Z - [username5] - wanna top up 5l (успех) 
2020-02-05T16:59:34.769Z - [username6] - wanna scoop 250l (фейл)
2020-02-05T17:51:32.124Z - [username1] - wanna top up 5l (успех) 
2020-02-05T17:51:34.769Z - [username2] - wanna scoop 5l (успех)
2020-02-05T17:51:37.124Z - [username3] - wanna top up 5l (успех) 
2020-02-05T17:53:34.769Z - [username4] - wanna scoop 5l (успех)
2020-02-05T17:57:32.124Z - [username5] - wanna top up 5l (успех) 
2020-02-05T17:59:34.769Z - [username6] - wanna scoop 250l (фейл)
2020-02-05T18:51:32.124Z - [username1] - wanna top up 5l (успех) 
2020-02-05T18:51:34.769Z - [username2] - wanna scoop 5l (успех)
2020-02-05T18:51:37.124Z - [username3] - wanna top up 5l (успех) 
2020-02-05T18:53:34.769Z - [username4] - wanna scoop 5l (успех)
2020-02-05T18:57:32.124Z - [username5] - wanna top up 5l (успех) 
2020-02-05T18:59:34.769Z - [username6] - wanna scoop 250l (фейл)
2020-02-05T19:51:32.124Z - [username1] - wanna top up 5l (успех) 
2020-02-05T19:51:34.769Z - [username2] - wanna scoop 5l (успех)
2020-02-05T19:51:37.124Z - [username3] - wanna top up 5l (успех) 
2020-02-05T19:53:34.769Z - [username4] - wanna scoop 5l (успех)
2020-02-05T19:57:32.124Z - [username5] - wanna top up 5l (успех) 
2020-02-05T19:59:34.769Z - [username6] - wanna scoop 250l (фейл)
2020-02-05T20:51:32.124Z - [username1] - wanna top up 5l (успех) 
2020-02-05T20:51:34.769Z - [username2] - wanna scoop 5l (успех)
2020-02-05T20:51:37.124Z - [username3] - wanna top up 5l (успех) 
2020-02-05T20:53:34.769Z - [username4] - wanna scoop 5l (успех)
2020-02-05T20:57:32.124Z - [username5] - wanna top up 5l (успех) 
2020-02-05T20:59:34.769Z - [username6] - wanna scoop 250l (фейл)
2020-02-05T21:51:32.124Z - [username1] - wanna top up 5l (успех) 
2020-02-05T21:51:34.769Z - [username2] - wanna scoop 5l (успех)
2020-02-05T21:51:37.124Z - [username3] - wanna top up 5l (успех) 
2020-02-05T21:53:34.769Z - [username4] - wanna scoop 5l (успех)
2020-02-05T21:57:32.124Z - [username5] - wanna top up 5l (успех) 
2020-02-05T21:59:34.769Z - [username6] - wanna scoop 250l (фейл)
2020-02-05T22:51:32.124Z - [username1] - wanna top up 5l (успех) 
2020-02-05T22:51:34.769Z - [username2] - wanna scoop 5l (успех)
2020-02-05T22:51:37.124Z - [username3] - wanna top up 5l (успех) 
2020-02-05T22:53:34.769Z - [username4] - wanna scoop 5l (успех)
2020-02-05T22:57:32.124Z - [username5] - wanna top up 5l (успех) 
2020-02-05T22:59:34.769Z - [username6] - wanna scoop 250l (фейл)
2020-02-05T23:51:32.124Z - [username1] - wanna top up 5l (успех) 
2020-02-05T23:51:34.769Z - [username2] - wanna scoop 5l (успех)
2020-02-05T23:51:37.124Z - [username3] - wanna top up 5l (успех) 
2020-02-05T23:53:34.769Z - [username4] - wanna scoop 5l (успех)
2020-02-05T23:57:32.124Z - [username5] - wanna top up 5l (успех) 
2020-02-05T23:59:34.769Z - [username6] - wanna scoop 250l (фейл)
2020-02-05T23:59:44.769Z - [username7] - wanna scoop 97l (успех)
2020-02-05T23:59:58.769Z - [username8] - wanna top up 32l (успех)